Flutter crash report.
Please report a bug at https://github.com/flutter/flutter/issues.

## command

flutter run -d chrome

## exception

DartDevelopmentServiceException: DartDevelopmentServiceException: Failed to start Dart Development Service

```
```

## flutter doctor

```
[32m[✓][39m Flutter (Channel stable, 3.35.7, on Microsoft Windows [version 10.0.26200.7171], locale fr-TN) [1 178ms]
    [32m•[39m Flutter version 3.35.7 on channel stable at C:\flutter\src\flutter
    [32m•[39m Upstream repository https://github.com/flutter/flutter.git
    [32m•[39m Framework revision adc9010625 (4 weeks ago), 2025-10-21 14:16:03 -0400
    [32m•[39m Engine revision 035316565a
    [32m•[39m Dart version 3.9.2
    [32m•[39m DevTools version 2.48.0
    [32m•[39m Feature flags: enable-web, enable-linux-desktop, enable-macos-desktop, enable-windows-desktop, enable-android,
      enable-ios, cli-animations, enable-lldb-debugging

[32m[✓][39m Windows Version (Windows 11 or higher, 25H2, 2009) [2,0s]

[33m[!][39m Android toolchain - develop for Android devices (Android SDK version 36.1.0) [996ms]
    [32m•[39m Android SDK at C:\Users\medra\AppData\Local\Android\sdk
    [32m•[39m Emulator version 36.2.12.0 (build_id 14214601) (CL:N/A)
    [31m✗[39m cmdline-tools component is missing.
      Try installing or updating Android Studio.
      Alternatively, download the tools from https://developer.android.com/studio#command-line-tools-only and make
      sure to set the ANDROID_HOME environment variable.
      See https://developer.android.com/studio/command-line for more details.
    [31m✗[39m Android license status unknown.
      Run `flutter doctor --android-licenses` to accept the SDK licenses.
      See https://flutter.dev/to/windows-android-setup for more details.

[32m[✓][39m Chrome - develop for the web [652ms]
    [32m•[39m Chrome at C:\Program Files\Google\Chrome\Application\chrome.exe

[33m[!][39m Visual Studio - develop Windows apps (Visual Studio Community 2022 17.14.18 (October 2025)) [649ms]
    [32m•[39m Visual Studio at C:\Program Files\Microsoft Visual Studio\2022\Community
    [32m•[39m Visual Studio Community 2022 version 17.14.36616.10
    [31m✗[39m Visual Studio is missing necessary components. Please re-run the Visual Studio installer for the "Desktop
      development with C++" workload, and include these components:
        MSVC v142 - VS 2019 C++ x64/x86 build tools
         - If there are multiple build tool versions available, install the latest
        C++ CMake tools for Windows
        Windows 10 SDK

[32m[✓][39m Android Studio (version 2025.2.1) [30ms]
    [32m•[39m Android Studio at C:\Program Files\Android\Android Studio
    [32m•[39m Flutter plugin can be installed from:
      🔨 https://plugins.jetbrains.com/plugin/9212-flutter
    [32m•[39m Dart plugin can be installed from:
      🔨 https://plugins.jetbrains.com/plugin/6351-dart
    [32m•[39m Java version OpenJDK Runtime Environment (build 21.0.8+-14196175-b1038.72)

[32m[✓][39m VS Code (version 1.106.0) [26ms]
    [32m•[39m VS Code at C:\Users\medra\AppData\Local\Programs\Microsoft VS Code
    [32m•[39m Flutter extension version 3.122.0

[32m[✓][39m Connected device (3 available) [188ms]
    [32m•[39m Windows (desktop) • windows • windows-x64    • Microsoft Windows [version 10.0.26200.7171]
    [32m•[39m Chrome (web)      • chrome  • web-javascript • Google Chrome 142.0.7444.135
    [32m•[39m Edge (web)        • edge    • web-javascript • Microsoft Edge 142.0.3595.53

[32m[✓][39m Network resources [425ms]
    [32m•[39m All expected network resources are available.

[33m![39m Doctor found issues in 2 categories.
```
